<?xml version="1.0" encoding="UTF-8"?>
<!-- Generated by org.testng.reporters.JUnitReportReporter -->
<testsuite hostname="LAPTOP-PO4FGII6" failures="0" tests="1" name="com.amazon.testcases.ProfilePageTest" time="16.240" errors="0" timestamp="2021-02-14T00:08:11 IST" skipped="0">
  <testcase classname="com.amazon.testcases.ProfilePageTest" name="editAddressTest" time="16.240"/>
  <system-out/>
</testsuite> <!-- com.amazon.testcases.ProfilePageTest -->
