<?xml version="1.0" encoding="UTF-8"?>
<!-- Generated by org.testng.reporters.JUnitReportReporter -->
<testsuite hostname="LAPTOP-PO4FGII6" failures="0" tests="3" name="com.amazon.testcases.LoginPageTest" time="29.092" errors="0" timestamp="2021-02-15T00:12:09 IST" skipped="0">
  <testcase classname="com.amazon.testcases.LoginPageTest" name="loginPageTitleTest" time="8.170"/>
  <system-out/>
  <testcase classname="com.amazon.testcases.LoginPageTest" name="loginTest" time="11.242"/>
  <system-out/>
  <testcase classname="com.amazon.testcases.LoginPageTest" name="logoTest" time="9.680"/>
  <system-out/>
</testsuite> <!-- com.amazon.testcases.LoginPageTest -->
