<?xml version="1.0" encoding="UTF-8"?>
<!-- Generated by org.testng.reporters.JUnitReportReporter -->
<testsuite hostname="LAPTOP-PO4FGII6" failures="0" tests="3" name="com.flipkart.testcases.ElectronicsPageTest" time="54.976" errors="0" timestamp="2021-02-11T23:22:39 IST" skipped="0">
  <testcase classname="com.flipkart.testcases.ElectronicsPageTest" name="dropdownSelectTest" time="19.138"/>
  <system-out/>
  <testcase classname="com.flipkart.testcases.ElectronicsPageTest" name="clickCheckboxTest" time="19.185"/>
  <system-out/>
  <testcase classname="com.flipkart.testcases.ElectronicsPageTest" name="verifyLabelTest" time="16.653"/>
  <system-out/>
</testsuite> <!-- com.flipkart.testcases.ElectronicsPageTest -->
