<?xml version="1.0" encoding="UTF-8"?>
<!-- Generated by org.testng.reporters.JUnitReportReporter -->
<testsuite hostname="LAPTOP-PO4FGII6" failures="0" tests="1" name="com.amazon.testcases.EditProfilePageTest" time="20.277" errors="0" timestamp="2021-02-12T21:46:51 IST" skipped="0">
  <testcase classname="com.amazon.testcases.EditProfilePageTest" name="enterValuesTest" time="20.277"/>
  <system-out/>
</testsuite> <!-- com.amazon.testcases.EditProfilePageTest -->
