<?xml version="1.0" encoding="UTF-8"?>
<!-- Generated by org.testng.reporters.JUnitReportReporter -->
<testsuite hostname="LAPTOP-PO4FGII6" failures="0" tests="3" name="com.amazon.testcases.ElectronicsPageTest" time="54.111" errors="0" timestamp="2021-02-11T23:42:37 IST" skipped="0">
  <testcase classname="com.amazon.testcases.ElectronicsPageTest" name="dropdownSelectTest" time="18.813"/>
  <system-out/>
  <testcase classname="com.amazon.testcases.ElectronicsPageTest" name="clickCheckboxTest" time="18.404"/>
  <system-out/>
  <testcase classname="com.amazon.testcases.ElectronicsPageTest" name="verifyLabelTest" time="16.894"/>
  <system-out/>
</testsuite> <!-- com.amazon.testcases.ElectronicsPageTest -->
