<?xml version="1.0" encoding="UTF-8"?>
<!-- Generated by org.testng.reporters.JUnitReportReporter -->
<testsuite hostname="LAPTOP-PO4FGII6" failures="0" tests="3" name="com.flipkart.testcases.LoginPageTest" time="38.138" errors="0" timestamp="2021-02-11T22:21:41 IST" skipped="0">
  <testcase classname="com.flipkart.testcases.LoginPageTest" name="loginPageTitleTest" time="10.945"/>
  <system-out/>
  <testcase classname="com.flipkart.testcases.LoginPageTest" name="loginTest" time="18.442"/>
  <system-out/>
  <testcase classname="com.flipkart.testcases.LoginPageTest" name="logoTest" time="8.751"/>
  <system-out/>
</testsuite> <!-- com.flipkart.testcases.LoginPageTest -->
