<?xml version="1.0" encoding="UTF-8"?>
<!-- Generated by org.testng.reporters.JUnitReportReporter -->
<testsuite hostname="LAPTOP-PO4FGII6" failures="0" tests="4" name="com.amazon.testcases.HomePageTest" time="70.790" errors="0" timestamp="2021-02-15T00:03:57 IST" skipped="0">
  <testcase classname="com.amazon.testcases.HomePageTest" name="cartLinkCheck" time="17.287"/>
  <system-out/>
  <testcase classname="com.amazon.testcases.HomePageTest" name="electronicsLink" time="24.000"/>
  <system-out/>
  <testcase classname="com.amazon.testcases.HomePageTest" name="dealsPageTest" time="14.779"/>
  <system-out/>
  <testcase classname="com.amazon.testcases.HomePageTest" name="labelTest" time="14.724"/>
  <system-out/>
</testsuite> <!-- com.amazon.testcases.HomePageTest -->
