<?xml version="1.0" encoding="UTF-8"?>
<!-- Generated by org.testng.reporters.JUnitReportReporter -->
<testsuite hostname="LAPTOP-PO4FGII6" failures="0" tests="1" name="com.amazon.testcases.EditProfilePageTest" time="32.275" errors="0" timestamp="2021-02-15T00:20:18 IST" skipped="0">
  <testcase classname="com.amazon.testcases.EditProfilePageTest" name="enterValuesTest" time="32.275"/>
  <system-out/>
</testsuite> <!-- com.amazon.testcases.EditProfilePageTest -->
